0 info it worked if it ends with ok
1 verbose cli [ 'F:\\Program Files\\nodejs\\node.exe',
1 verbose cli   'F:\\Program Files\\nodejs\\node_modules\\npm\\bin\\npm-cli.js',
1 verbose cli   'run',
1 verbose cli   'wbad-dev' ]
2 info using npm@3.10.10
3 info using node@v6.9.4
4 verbose run-script [ 'prewbad-dev', 'wbad-dev', 'postwbad-dev' ]
5 info lifecycle webpack-study@1.0.0~prewbad-dev: webpack-study@1.0.0
6 silly lifecycle webpack-study@1.0.0~prewbad-dev: no script for prewbad-dev, continuing
7 info lifecycle webpack-study@1.0.0~wbad-dev: webpack-study@1.0.0
8 verbose lifecycle webpack-study@1.0.0~wbad-dev: unsafe-perm in lifecycle true
9 verbose lifecycle webpack-study@1.0.0~wbad-dev: PATH: F:\Program Files\nodejs\node_modules\npm\bin\node-gyp-bin;E:\vscode\webpack-study\webpack-env-demo\node_modules\.bin;F:\Program Files\Python27\;F:\Program Files\Python27\Scripts;F:\Program Files\Ruby23-x64\bin;C:\ProgramData\Oracle\Java\javapath;C:\Windows\system32;C:\Windows;C:\Windows\System32\Wbem;C:\Windows\System32\WindowsPowerShell\v1.0\;C:\Program Files (x86)\NVIDIA Corporation\PhysX\Common;F:\Program Files\Java\jdk1.8.0_111\bin;F:\Program Files\Java\jdk1.8.0_111\jre\bin;F:\Program Files\nodejs\;F:\Program Files\TortoiseSVN\bin;F:\Program Files\Git\bin;F:\software-backup\cocos2d-x-3.8\cocos2d-x-3.8\templates;F:\software-backup\cocos2d-x-3.8\cocos2d-x-3.8\tools\cocos2d-console\bin;\cocos2d-x\templates;F:\Program Files (x86)\Microsoft VS Code\bin;C:\Users\admin\AppData\Roaming\npm;C:\Users\admin\AppData\Local\Programs\Fiddler
10 verbose lifecycle webpack-study@1.0.0~wbad-dev: CWD: E:\vscode\webpack-study\webpack-env-demo
11 silly lifecycle webpack-study@1.0.0~wbad-dev: Args: [ '/d /s /c',
11 silly lifecycle   'set NODE_ENV=dev&&webpack --config ./webpack-demo1/webpack.config.js --colors --progress  -w' ]
12 verbose stack Error: kill ENOSYS
12 verbose stack     at exports._errnoException (util.js:1022:11)
12 verbose stack     at process.kill (internal/process.js:172:13)
12 verbose stack     at process.listener (F:\Program Files\nodejs\node_modules\npm\node_modules\npmlog\node_modules\gauge\node_modules\signal-exit\index.js:86:15)
12 verbose stack     at emitNone (events.js:91:20)
12 verbose stack     at process.emit (events.js:185:7)
12 verbose stack     at processEmit (F:\Program Files\nodejs\node_modules\npm\node_modules\npmlog\node_modules\gauge\node_modules\signal-exit\index.js:146:32)
12 verbose stack     at processEmit (F:\Program Files\nodejs\node_modules\npm\node_modules\npm-registry-client\node_modules\npmlog\node_modules\gauge\node_modules\signal-exit\index.js:146:32)
12 verbose stack     at Signal.wrap.onsignal (internal/process.js:199:44)
13 verbose cwd E:\vscode\webpack-study\webpack-env-demo
14 error Windows_NT 6.1.7601
15 error argv "F:\\Program Files\\nodejs\\node.exe" "F:\\Program Files\\nodejs\\node_modules\\npm\\bin\\npm-cli.js" "run" "wbad-dev"
16 error node v6.9.4
17 error npm  v3.10.10
18 error code ENOSYS
19 error errno ENOSYS
20 error syscall kill
21 error kill ENOSYS
22 error If you need help, you may report this error at:
22 error     <https://github.com/npm/npm/issues>
23 verbose exit [ 1, true ]
